18:50:29,218 [main]  INFO MainConfig:84 - ****************************************************************************
18:50:29,221 [main]  INFO MainConfig:84 - *** Global options ***
18:50:29,221 [main]  INFO MainConfig:84 - Mode = create full dump
18:50:29,221 [main]  INFO MainConfig:84 - Import dump into svn = "true"
18:50:29,221 [main]  INFO MainConfig:84 - Import dump only if svn repository exist = "false"
18:50:29,221 [main]  INFO MainConfig:84 - Full dump path = "full_dump_%date%.txt"
18:50:29,221 [main]  INFO MainConfig:84 - Incremental dump path = "incr_dump_%date%.txt"
18:50:29,222 [main]  INFO MainConfig:84 - Incremental history path = "incr_history.txt"
18:50:29,222 [main]  INFO MainConfig:84 - Save files list to = "files_20160817_185029.txt"
18:50:29,222 [main]  INFO MainConfig:84 - Source provider's class = "org.polarion.svnimporter.ccprovider.CCProvider"
18:50:29,222 [main]  INFO MainConfig:84 - Size limit for dump files (in MB): 400
18:50:29,222 [main]  INFO CCConfig:84 - *** ClearCase provider configuration ***
18:50:29,222 [main]  INFO CCConfig:84 - executable = "cleartool.exe"
18:50:29,222 [main]  INFO CCConfig:84 - projectPath = "R:\sbs6cob_ai_ngi_g3_fea_int\ai_ngi"
18:50:29,222 [main]  INFO CCConfig:84 - temp dir = "c:\temp\local\cc.tempdir"
18:50:29,222 [main]  INFO CCConfig:84 - log date format = "yyyyMMdd.HHmmss"
18:50:29,223 [main]  INFO CCConfig:84 - verbose exec = "true"
18:50:29,223 [main]  INFO ProviderConfig:84 - svnimporter_user_name = "SvnImporter"
18:50:29,223 [main]  INFO ProviderConfig:84 - only_trunk = "false"
18:50:29,223 [main]  INFO ProviderConfig:84 - trunk_path = "trunk"
18:50:29,223 [main]  INFO ProviderConfig:84 - branches_path = "branches"
18:50:29,223 [main]  INFO ProviderConfig:84 - tags_path = "tags"
18:50:29,223 [main]  INFO ProviderConfig:84 - use_only_last_revision_content = "false"
18:50:29,223 [main]  INFO ProviderConfig:84 - file_description_property_key = "description"
18:50:29,223 [main]  INFO ProviderConfig:84 - use_file_copy = "true"
18:50:29,224 [main]  WARN ProviderConfig:88 - WARNING: you enabled use_file_copy, so you will not be able to make incremental imports to synchronize repositories
18:50:29,224 [main]  INFO SvnAdminConfig:84 - *** SvnAdmin configuration *** 
18:50:29,224 [main]  INFO SvnAdminConfig:84 - svnadmin executable = "svnadmin.exe"
18:50:29,224 [main]  INFO SvnAdminConfig:84 - svn executable = "C:/Program Files (x86)/Subversion/bin/svn.exe"
18:50:29,224 [main]  INFO SvnAdminConfig:84 - repositoryPath = "D:\Sab\Migration\Test\SVNPath\Repo"
18:50:29,224 [main]  INFO SvnAdminConfig:84 - parent dir = "."
18:50:29,224 [main]  INFO SvnAdminConfig:84 - temp dir = "c:\temp\local\svnadmin.tempdir"
18:50:29,224 [main]  INFO SvnAdminConfig:84 - verbose exec = "true"
18:50:29,224 [main]  INFO SvnAdminConfig:84 - path_not_exist signature = "non-existent in that revision" 
18:50:29,225 [main]  INFO MainConfig:84 - ****************************************************************************
18:50:29,225 [main]  INFO historyLogger:84 - **********************************************************************
18:50:29,225 [main]  INFO historyLogger:84 - date: Aug 17, 2016 6:50:29 PM
18:50:29,226 [main]  INFO historyLogger:84 - mode: create full dump
18:50:29,227 [main]  INFO historyLogger:84 - src provider: class org.polarion.svnimporter.ccprovider.CCProvider
18:50:29,227 [main]  INFO historyLogger:84 - creating full svn model...
18:50:29,234 [main]  INFO Exec:84 - exec cleartool.exe lshistory -recurse -fmt %Nd@@@%En@@@%Vn@@@%o@@@!%l@@@!%a@@@%m@@@%u@@@%Nc@@@\n
18:50:29,910 [stderr]  INFO Exec:84 - cleartool: Error: Unable to access "lost+found": No such file or directory.
18:50:31,590 [stdout]  INFO Exec:84 - 20160812.093516@@@components\CDD\Pwm_PSFH\src\Pwm_PSFH.c@@@\main\ai_ngi_autosar_g3prj_int\ai_ngi_autosar_g3_prj_16.0_int\ai_ngi_g3_fea_int\CHECKEDOUT@@@checkout@@@!@@@!@@@version@@@ket5cob@@@Integrate COB1_AI_NGI_G3_FEA_FEA_XML_WARNING_01@@@
18:50:31,604 [stdout]  INFO Exec:84 - 20160811.154739@@@components\CDD\Taua_Icu\src\Taua_Icu.c@@@\main\ai_ngi_autosar_g3prj_int\cob1_ai_ngi_g3_fea_fea_ge3ar4984_pwm_tauc_rem\2@@@checkin@@@!(COB1_AI_NGI_G3_FEA_FEA_GE3AR4984_PWM_TAUC_REM_02)@@@!@@@version@@@SMN9COB@@@GE3AR:4984: Removal of CDD\Pwm_Tauc@@@
18:50:31,615 [stdout]  INFO Exec:84 - 20160811.154739@@@components\CDD\Pwm_PSFH\src\Pwm_PSFH.c@@@\main\ai_ngi_autosar_g3prj_int\ai_ngi_autosar_g3_prj_16.0_int\ai_ngi_g3_fea_int\cob1_ai_ngi_g3_fea_fea_ge3ar4984_pwm_tauc_rem\2@@@checkin@@@!(COB1_AI_NGI_G3_FEA_FEA_GE3AR4984_PWM_TAUC_REM_02)@@@!@@@version@@@SMN9COB@@@GE3AR:4984: Removal of CDD\Pwm_Tauc@@@
18:50:31,636 [stdout]  INFO Exec:84 - 20160811.111416@@@_config\xml\ai_ngi_prod.xml@@@\main\rbei_ngi_int\rbei_ngi_bsample_int\ai_ngi_autosar_g3prj_int\ai_ngi_autosar_g3prj_16.0_int\ai_ngi_autosar_g3_prj_16.0_int\ai_ngi_g3_fea_int\cob1_ai_ngi_g3_fea_fea_xml_improv_task60334\2@@@checkin@@@!@@@!@@@version@@@rsj5cob@@@@@@
18:50:31,701 [stdout]  INFO Exec:84 - 20160811.103516@@@components\CDD\Power_Supervision\utest\JLR_Power_supervision.utest.cpp@@@\main\ai_ngi_autosar_g3prj_int\ai_ngi_autosar_g3prj_16.0_int\ai_ngi_autosar_g3_prj_16.0_int\ai_ngi_g3_fea_int\1@@@checkin@@@!(AI_NGI_G3_FEA_INT_16.0F19)@@@!@@@version@@@ket5cob@@@COB1_AI_NGI_G3_FEA_FEA_RADIOCARD_OC_ISSUEFIX_01@@@
18:50:31,716 [stdout]  INFO Exec:84 - 20160811.103514@@@components\CDD\Power_Supervision\src\Power_supervision.c@@@\main\ai_ngi_autosar_g3prj_int\ai_ngi_autosar_g3prj_16.0_int\ai_ngi_autosar_g3_prj_16.0_int\ai_ngi_g3_fea_int\2@@@checkin@@@!(AI_NGI_G3_FEA_INT_16.0F19)@@@!@@@version@@@ket5cob@@@COB1_AI_NGI_G3_FEA_FEA_RADIOCARD_OC_ISSUEFIX_01@@@
18:50:31,726 [stdout]  INFO Exec:84 - 20160811.103513@@@components\CDD\Power_Supervision\api\power_supervision_Pvt.h@@@\main\ai_ngi_autosar_g3prj_int\ai_ngi_g3_fea_int\1@@@checkin@@@!(AI_NGI_G3_FEA_INT_16.0F19)@@@!@@@version@@@ket5cob@@@COB1_AI_NGI_G3_FEA_FEA_RADIOCARD_OC_ISSUEFIX_01@@@
18:50:31,736 [stdout]  INFO Exec:84 - 20160811.103321@@@components\CDD\Power_Supervision\utest\JLR_Power_supervision.utest.cpp@@@\main\ai_ngi_autosar_g3prj_int\ai_ngi_autosar_g3prj_16.0_int\ai_ngi_autosar_g3_prj_16.0_int\ai_ngi_g3_fea_int\0@@@mkbranch@@@!@@@!@@@version@@@ket5cob@@@@@@
18:50:31,745 [stdout]  INFO Exec:84 - 20160811.103321@@@components\CDD\Power_Supervision\utest\JLR_Power_supervision.utest.cpp@@@\main\ai_ngi_autosar_g3prj_int\ai_ngi_autosar_g3prj_16.0_int\ai_ngi_autosar_g3_prj_16.0_int\ai_ngi_g3_fea_int@@@mkbranch@@@!@@@!@@@branch@@@ket5cob@@@COB1_AI_NGI_G3_FEA_FEA_RADIOCARD_OC_ISSUEFIX_01@@@
18:50:31,754 [stdout]  INFO Exec:84 - 20160811.103319@@@components\CDD\Power_Supervision\api\power_supervision_Pvt.h@@@\main\ai_ngi_autosar_g3prj_int\ai_ngi_g3_fea_int\0@@@mkbranch@@@!@@@!@@@version@@@ket5cob@@@@@@
18:50:31,760 [stdout]  INFO Exec:84 - 20160811.103319@@@components\CDD\Power_Supervision\api\power_supervision_Pvt.h@@@\main\ai_ngi_autosar_g3prj_int\ai_ngi_g3_fea_int@@@mkbranch@@@!@@@!@@@branch@@@ket5cob@@@COB1_AI_NGI_G3_FEA_FEA_RADIOCARD_OC_ISSUEFIX_01@@@
18:50:31,776 [stdout]  INFO Exec:84 - 20160811.102436@@@cc_label.txt@@@\main\rbei_ngi_int\rbei_ngi_bsample_int\ai_ngi_autosar_g3prj_int\ai_ngi_autosar_g3_prj_16.0_int\ai_ngi_g3_fea_int\24@@@checkin@@@!(AI_NGI_G3_FEA_INT_16.0F19)@@@!@@@version@@@ket5cob@@@Update Label@@@
18:50:31,789 [stdout]  INFO Exec:84 - 20160811.102152@@@Binaries\V850scan.vbb@@@\main\ai_ngi_autosar_g3prj_int\ai_ngi_autosar_g3prj_16.0_int\ai_ngi_autosar_g3_prj_16.0_int\ai_ngi_g3_fea_int\5@@@checkin@@@!(AI_NGI_G3_FEA_INT_16.0F19)@@@!@@@version@@@ket5cob@@@Part Number Update@@@
18:50:31,803 [stdout]  INFO Exec:84 - 20160811.102150@@@Binaries\V850.vbb@@@\main\ai_ngi_autosar_g3prj_int\ai_ngi_autosar_g3prj_16.0_int\ai_ngi_autosar_g3_prj_16.0_int\ai_ngi_g3_fea_int\5@@@checkin@@@!(AI_NGI_G3_FEA_INT_16.0F19)@@@!@@@version@@@ket5cob@@@Part Number Update@@@
18:50:31,816 [stdout]  INFO Exec:84 - 20160811.102148@@@components\CDD\SW_PartNumber\cfg\jlremappisc\SW_PartNumber_Cfg.h@@@\main\ai_ngi_autosar_g3prj_int\ai_ngi_autosar_g3prj_16.0_int\ai_ngi_autosar_g3_prj_16.0_int\ai_ngi_g3_fea_int\6@@@checkin@@@!(AI_NGI_G3_FEA_INT_16.0F19)@@@!@@@version@@@ket5cob@@@Part Number Update@@@
18:50:31,832 [stdout]  INFO Exec:84 - 20160811.102146@@@components\CDD\SW_PartNumber\cfg\jlrrse\SW_PartNumber_Cfg.h@@@\main\rbei_ngi_bsample_int\ai_ngi_autosar_g3prj_int\ai_ngi_autosar_g3prj_16.0_int\ai_ngi_autosar_g3_prj_16.0_int\ai_ngi_g3_fea_int\6@@@checkin@@@!(AI_NGI_G3_FEA_INT_16.0F19)@@@!@@@version@@@ket5cob@@@Part Number Update@@@
18:50:31,847 [stdout]  INFO Exec:84 - 20160811.102140@@@components\CDD\SW_PartNumber\cfg\jlr\SW_PartNumber_Cfg.h@@@\main\rbei_ngi_bsample_int\ai_ngi_autosar_g3prj_int\ai_ngi_autosar_g3prj_16.0_int\ai_ngi_autosar_g3_prj_16.0_int\ai_ngi_g3_fea_int\5@@@checkin@@@!(AI_NGI_G3_FEA_INT_16.0F19)@@@!@@@version@@@ket5cob@@@Part Number Update@@@
18:50:31,854 [stdout]  INFO Exec:84 - 20160811.102050@@@components\CDD\SW_PartNumber\api\SW_PartNumber.h@@@\main\rbei_ngi_bsample_int\ai_ngi_autosar_g3prj_int@@@rmbranch@@@!@@@!@@@branch@@@ket5cob@@@Destroyed branch "\main\rbei_ngi_bsample_int\ai_ngi_autosar_g3prj_int\ai_ngi_g3_fea_int".@@@
18:50:31,868 [stdout]  INFO Exec:84 - 20160810.152300@@@components\Delivery\Ias_Cbc\cbc_customization\Gold\utest\Cbc_adaption.utest.cpp@@@\main\ai_ngi_autosar_g3prj_int\rbei_ai_ngi_g3_fea_tas_task_70642_unittest\4@@@checkin@@@!(RBEI_AI_NGI_G3_FEA_TAS_TASK_70642_UNITTEST_04)@@@!@@@version@@@spg6kor@@@@@@
18:50:31,879 [stdout]  INFO Exec:84 - 20160810.140256@@@components\CDD\Taua_Icu\src\Taua_Icu.c@@@\main\ai_ngi_autosar_g3prj_int\cob1_ai_ngi_g3_fea_fea_ge3ar4984_pwm_tauc_rem\1@@@checkin@@@!(COB1_AI_NGI_G3_FEA_FEA_GE3AR4984_PWM_TAUC_REM_01)@@@!@@@version@@@SMN9COB@@@GE3AR:4984: Removal of Pwm/Tauc@@@
18:50:31,890 [stdout]  INFO Exec:84 - 20160810.140255@@@components\CDD\Taua_Icu\api\Taua_Icu.h@@@\main\ai_ngi_autosar_g3prj_int\ai_ngi_autosar_g3_prj_16.0_int\cob1_ai_ngi_g3_fea_fea_ge3ar4984_pwm_tauc_rem\1@@@checkin@@@!(COB1_AI_NGI_G3_FEA_FEA_GE3AR4984_PWM_TAUC_REM_02, COB1_AI_NGI_G3_FEA_FEA_GE3AR4984_PWM_TAUC_REM_01)@@@!@@@version@@@SMN9COB@@@GE3AR:4984: Removal of Pwm/Tauc@@@
18:50:31,904 [stdout]  INFO Exec:84 - 20160810.140254@@@components\CDD\Pwm_PSFH\src\Pwm_PSFH.c@@@\main\ai_ngi_autosar_g3prj_int\ai_ngi_autosar_g3_prj_16.0_int\ai_ngi_g3_fea_int\cob1_ai_ngi_g3_fea_fea_ge3ar4984_pwm_tauc_rem\1@@@checkin@@@!(COB1_AI_NGI_G3_FEA_FEA_GE3AR4984_PWM_TAUC_REM_01)@@@!@@@version@@@SMN9COB@@@GE3AR:4984: Removal of Pwm/Tauc@@@
18:50:31,912 [stdout]  INFO Exec:84 - 20160810.140244@@@components\CDD\Taua_Icu\src\Taua_Icu.c@@@\main\ai_ngi_autosar_g3prj_int\cob1_ai_ngi_g3_fea_fea_ge3ar4984_pwm_tauc_rem\0@@@mkbranch@@@!@@@!@@@version@@@SMN9COB@@@@@@
18:50:31,919 [stdout]  INFO Exec:84 - 20160810.140244@@@components\CDD\Taua_Icu\src\Taua_Icu.c@@@\main\ai_ngi_autosar_g3prj_int\cob1_ai_ngi_g3_fea_fea_ge3ar4984_pwm_tauc_rem@@@mkbranch@@@!@@@!@@@branch@@@SMN9COB@@@GE3AR:4984: Removal of Pwm/Tauc@@@
18:50:31,929 [stdout]  INFO Exec:84 - 20160810.140242@@@components\CDD\Taua_Icu\api\Taua_Icu.h@@@\main\ai_ngi_autosar_g3prj_int\ai_ngi_autosar_g3_prj_16.0_int\cob1_ai_ngi_g3_fea_fea_ge3ar4984_pwm_tauc_rem\0@@@mkbranch@@@!@@@!@@@version@@@SMN9COB@@@@@@
18:50:31,936 [stdout]  INFO Exec:84 - 20160810.140242@@@components\CDD\Taua_Icu\api\Taua_Icu.h@@@\main\ai_ngi_autosar_g3prj_int\ai_ngi_autosar_g3_prj_16.0_int\cob1_ai_ngi_g3_fea_fea_ge3ar4984_pwm_tauc_rem@@@mkbranch@@@!@@@!@@@branch@@@SMN9COB@@@GE3AR:4984: Removal of Pwm/Tauc@@@
18:50:31,947 [stdout]  INFO Exec:84 - 20160810.140238@@@components\CDD\Pwm_PSFH\src\Pwm_PSFH.c@@@\main\ai_ngi_autosar_g3prj_int\ai_ngi_autosar_g3_prj_16.0_int\ai_ngi_g3_fea_int\cob1_ai_ngi_g3_fea_fea_ge3ar4984_pwm_tauc_rem\0@@@mkbranch@@@!@@@!@@@version@@@SMN9COB@@@@@@
18:50:31,956 [stdout]  INFO Exec:84 - 20160810.140238@@@components\CDD\Pwm_PSFH\src\Pwm_PSFH.c@@@\main\ai_ngi_autosar_g3prj_int\ai_ngi_autosar_g3_prj_16.0_int\ai_ngi_g3_fea_int\cob1_ai_ngi_g3_fea_fea_ge3ar4984_pwm_tauc_rem@@@mkbranch@@@!@@@!@@@branch@@@SMN9COB@@@GE3AR:4984: Removal of Pwm/Tauc@@@
18:50:31,966 [stdout]  INFO Exec:84 - 20160810.121032@@@components\Delivery\Ias_Cbc\cbc_customization\Gold\utest\Cbc_adaption.utest.cpp@@@\main\ai_ngi_autosar_g3prj_int\rbei_ai_ngi_g3_fea_tas_task_70642_unittest\3@@@checkin@@@!(RBEI_AI_NGI_G3_FEA_TAS_TASK_70642_UNITTEST_03)@@@!@@@version@@@spg6kor@@@utest added@@@
18:50:31,981 [stdout]  INFO Exec:84 - 20160810.103912@@@components\CDD\Power_Supervision\utest\JLR_Power_supervision.utest.cpp@@@\main\ai_ngi_autosar_g3prj_int\ai_ngi_autosar_g3prj_16.0_int\ai_ngi_autosar_g3_prj_16.0_int\cob1_ai_ngi_g3_fea_fea_radiocard_oc_issuefix\1@@@checkin@@@!(COB1_AI_NGI_G3_FEA_FEA_RADIOCARD_OC_ISSUEFIX_01)@@@!@@@version@@@val5cob@@@@@@
18:50:31,991 [stdout]  INFO Exec:84 - 20160810.103911@@@components\CDD\Power_Supervision\api\power_supervision_Pvt.h@@@\main\ai_ngi_autosar_g3prj_int\cob1_ai_ngi_g3_fea_fea_radiocard_oc_issuefix\1@@@checkin@@@!(COB1_AI_NGI_G3_FEA_FEA_RADIOCARD_OC_ISSUEFIX_01)@@@!@@@version@@@val5cob@@@@@@
18:50:32,005 [stdout]  INFO Exec:84 - 20160810.103908@@@components\CDD\Power_Supervision\src\Power_supervision.c@@@\main\ai_ngi_autosar_g3prj_int\ai_ngi_autosar_g3prj_16.0_int\ai_ngi_autosar_g3_prj_16.0_int\ai_ngi_g3_fea_int\cob1_ai_ngi_g3_fea_fea_radiocard_oc_issuefix\1@@@checkin@@@!(COB1_AI_NGI_G3_FEA_FEA_RADIOCARD_OC_ISSUEFIX_01)@@@!@@@version@@@val5cob@@@@@@
18:50:32,020 [stdout]  INFO Exec:84 - 20160809.194519@@@components\CDD\Power_Supervision\src\Power_supervision.c@@@\main\ai_ngi_autosar_g3prj_int\ai_ngi_autosar_g3prj_16.0_int\ai_ngi_autosar_g3_prj_16.0_int\ai_ngi_g3_fea_int\cob1_ai_ngi_g3_fea_fea_radiocard_oc_issuefix\0@@@mkbranch@@@!@@@!@@@version@@@val5cob@@@@@@
18:50:32,030 [stdout]  INFO Exec:84 - 20160809.194519@@@components\CDD\Power_Supervision\src\Power_supervision.c@@@\main\ai_ngi_autosar_g3prj_int\ai_ngi_autosar_g3prj_16.0_int\ai_ngi_autosar_g3_prj_16.0_int\ai_ngi_g3_fea_int\cob1_ai_ngi_g3_fea_fea_radiocard_oc_issuefix@@@mkbranch@@@!@@@!@@@branch@@@val5cob@@@@@@
18:50:32,041 [stdout]  INFO Exec:84 - 20160809.194419@@@components\CDD\Power_Supervision\utest\JLR_Power_supervision.utest.cpp@@@\main\ai_ngi_autosar_g3prj_int\ai_ngi_autosar_g3prj_16.0_int\ai_ngi_autosar_g3_prj_16.0_int\cob1_ai_ngi_g3_fea_fea_radiocard_oc_issuefix\0@@@mkbranch@@@!@@@!@@@version@@@val5cob@@@@@@
18:50:32,050 [stdout]  INFO Exec:84 - 20160809.194419@@@components\CDD\Power_Supervision\utest\JLR_Power_supervision.utest.cpp@@@\main\ai_ngi_autosar_g3prj_int\ai_ngi_autosar_g3prj_16.0_int\ai_ngi_autosar_g3_prj_16.0_int\cob1_ai_ngi_g3_fea_fea_radiocard_oc_issuefix@@@mkbranch@@@!@@@!@@@branch@@@val5cob@@@@@@
18:50:32,059 [stdout]  INFO Exec:84 - 20160809.194343@@@components\CDD\Power_Supervision\api\power_supervision_Pvt.h@@@\main\ai_ngi_autosar_g3prj_int\cob1_ai_ngi_g3_fea_fea_radiocard_oc_issuefix\0@@@mkbranch@@@!@@@!@@@version@@@val5cob@@@@@@
18:50:32,065 [stdout]  INFO Exec:84 - 20160809.194343@@@components\CDD\Power_Supervision\api\power_supervision_Pvt.h@@@\main\ai_ngi_autosar_g3prj_int\cob1_ai_ngi_g3_fea_fea_radiocard_oc_issuefix@@@mkbranch@@@!@@@!@@@branch@@@val5cob@@@@@@
18:50:32,074 [stdout]  INFO Exec:84 - 20160809.183329@@@components\Delivery\Ias_Cbc\cbc_customization\Gold\utest\Cbc_adaption.utest.cpp@@@\main\ai_ngi_autosar_g3prj_int\rbei_ai_ngi_g3_fea_tas_task_70642_unittest\2@@@checkin@@@!@@@!@@@version@@@spg6kor@@@review points@@@
18:50:32,095 [stdout]  INFO Exec:84 - 20160809.172056@@@_config\xml\ai_ngi_prod.xml@@@\main\rbei_ngi_int\rbei_ngi_bsample_int\ai_ngi_autosar_g3prj_int\ai_ngi_autosar_g3prj_16.0_int\ai_ngi_autosar_g3_prj_16.0_int\ai_ngi_g3_fea_int\cob1_ai_ngi_g3_fea_fea_xml_warning\2@@@checkin@@@!(COB1_AI_NGI_G3_FEA_FEA_XML_WARNING_02)@@@!@@@version@@@mbl1cob@@@@@@
18:50:32,109 [stdout]  INFO Exec:84 - 20160809.172037@@@components\CDD\PwrSwitchHdlr\src\PwrSwitchHdlr.c@@@\main\rbei_ngi_int\rbei_ngi_bsample_int\ai_ngi_autosar_g3prj_int\ai_ngi_autosar_g3prj_16.0_int\ai_ngi_autosar_g3_prj_16.0_int\ai_ngi_g3_fea_int@@@rmbranch@@@!@@@!@@@branch@@@mbl1cob@@@Destroyed branch "\main\rbei_ngi_int\rbei_ngi_bsample_int\ai_ngi_autosar_g3prj_int\ai_ngi_autosar_g3prj_16.0_int\ai_ngi_autosar_g3_prj_16.0_int\ai_ngi_g3_fea_int\cob1_ai_ngi_g3_fea_fea_xml_warning".@@@
18:50:32,122 [stdout]  INFO Exec:84 - 20160809.171902@@@components\Test\src\mock\Temp_SensorMock.cpp@@@\main\ai_ngi_autosar_g3prj_int\ai_ngi_g3_fea_int\cob1_ai_ngi_g3_fea_fea_xml_warning\1@@@checkin@@@!(COB1_AI_NGI_G3_FEA_FEA_XML_WARNING_02)@@@!@@@version@@@mbl1cob@@@@@@
18:50:32,133 [stdout]  INFO Exec:84 - 20160809.171901@@@components\Test\api\mock\Temp_SensorMock.h@@@\main\ai_ngi_autosar_g3prj_int\ai_ngi_g3_fea_int\cob1_ai_ngi_g3_fea_fea_xml_warning\1@@@checkin@@@!(COB1_AI_NGI_G3_FEA_FEA_XML_WARNING_02)@@@!@@@version@@@mbl1cob@@@@@@
18:50:32,143 [stdout]  INFO Exec:84 - 20160809.171901@@@components\Delivery\ComStack\Rte_Stub\jlrgoldisc\src\Rte_NonCAN_Rx_Stub.c@@@\main\ai_ngi_autosar_g3prj_int\cob1_ai_ngi_g3_fea_fea_xml_warning\1@@@checkin@@@!(COB1_AI_NGI_G3_FEA_FEA_XML_WARNING_02)@@@!@@@version@@@mbl1cob@@@@@@
18:50:32,153 [stdout]  INFO Exec:84 - 20160809.171901@@@components\Delivery\ComStack\Rte_Stub\jlrgoldimc\src\Rte_NonCAN_Rx_Stub.c@@@\main\ai_ngi_autosar_g3prj_int\cob1_ai_ngi_g3_fea_fea_xml_warning\1@@@checkin@@@!(COB1_AI_NGI_G3_FEA_FEA_XML_WARNING_02)@@@!@@@version@@@mbl1cob@@@@@@
18:50:32,163 [stdout]  INFO Exec:84 - 20160809.171900@@@components\Delivery\ComStack\Rte_Stub\jlrgoldemappisc\src\Rte_NonCAN_Rx_Stub.c@@@\main\ai_ngi_autosar_g3prj_int\cob1_ai_ngi_g3_fea_fea_xml_warning\1@@@checkin@@@!(COB1_AI_NGI_G3_FEA_FEA_XML_WARNING_02)@@@!@@@version@@@mbl1cob@@@@@@
18:50:32,175 [stdout]  INFO Exec:84 - 20160809.171900@@@components\CDD\Thermal_Mgmt\utest\JLR_Thermal_Mgmt.utest.cpp@@@\main\ai_ngi_autosar_g3prj_int\ai_ngi_g3_fea_int\cob1_ai_ngi_g3_fea_fea_xml_warning\1@@@checkin@@@!(COB1_AI_NGI_G3_FEA_FEA_XML_WARNING_02)@@@!@@@version@@@mbl1cob@@@@@@
18:50:32,191 [stdout]  INFO Exec:84 - 20160809.171859@@@components\CDD\Thermal_Mgmt\src\Thermal_Mgmt.c@@@\main\rbei_ngi_bsample_int\ai_ngi_autosar_g3prj_int\ai_ngi_autosar_g3prj_16.0_int\ai_ngi_autosar_g3_prj_16.0_int\cob1_ai_ngi_g3_fea_fea_xml_warning\1@@@checkin@@@!(COB1_AI_NGI_G3_FEA_FEA_XML_WARNING_02)@@@!@@@version@@@mbl1cob@@@@@@
18:50:32,203 [stdout]  INFO Exec:84 - 20160809.171859@@@components\CDD\Temp_Sensor\utest\JLR_Temp_Sensor.utest.cpp@@@\main\ai_ngi_autosar_g3prj_int\ai_ngi_g3_fea_int\cob1_ai_ngi_g3_fea_fea_xml_warning\1@@@checkin@@@!(COB1_AI_NGI_G3_FEA_FEA_XML_WARNING_02)@@@!@@@version@@@mbl1cob@@@@@@
18:50:32,215 [stdout]  INFO Exec:84 - 20160809.171858@@@components\CDD\Temp_Sensor\src\Temp_Sensor.c@@@\main\rbei_ngi_bsample_int\ai_ngi_autosar_g3prj_int\cob1_ai_ngi_g3_fea_fea_xml_warning\1@@@checkin@@@!(COB1_AI_NGI_G3_FEA_FEA_XML_WARNING_02)@@@!@@@version@@@mbl1cob@@@@@@
18:50:32,226 [stdout]  INFO Exec:84 - 20160809.171858@@@components\CDD\Temp_Sensor\api\Temp_Sensor.h@@@\main\rbei_ngi_bsample_int\ai_ngi_autosar_g3prj_int\cob1_ai_ngi_g3_fea_fea_xml_warning\1@@@checkin@@@!(COB1_AI_NGI_G3_FEA_FEA_XML_WARNING_02)@@@!@@@version@@@mbl1cob@@@@@@
18:50:32,236 [stdout]  INFO Exec:84 - 20160809.171857@@@components\CDD\PwrSwitchHdlr\utest\JLR_PwrSwitchHdlr.utest.cpp@@@\main\ai_ngi_autosar_g3prj_int\cob1_ai_ngi_g3_fea_fea_xml_warning\1@@@checkin@@@!(COB1_AI_NGI_G3_FEA_FEA_XML_WARNING_02)@@@!@@@version@@@mbl1cob@@@@@@
18:50:32,251 [stdout]  INFO Exec:84 - 20160809.171857@@@components\CDD\PwrSwitchHdlr\src\PwrSwitchHdlr_ISC.c@@@\main\rbei_ngi_bsample_int\ai_ngi_autosar_g3prj_int\ai_ngi_autosar_g3prj_16.0_int\ai_ngi_autosar_g3_prj_16.0_int\cob1_ai_ngi_g3_fea_fea_xml_warning\1@@@checkin@@@!(COB1_AI_NGI_G3_FEA_FEA_XML_WARNING_02)@@@!@@@version@@@mbl1cob@@@@@@
18:50:32,266 [stdout]  INFO Exec:84 - 20160809.171849@@@components\CDD\ADC_Con\src\ADC_Con.c@@@\main\rbei_ngi_int\rbei_ngi_bsample_int\ai_ngi_autosar_g3prj_int\ai_ngi_g3_fea_int\cob1_ai_ngi_g3_fea_fea_xml_warning\1@@@checkin@@@!(COB1_AI_NGI_G3_FEA_FEA_XML_WARNING_02)@@@!@@@version@@@mbl1cob@@@@@@
18:50:32,283 [stdout]  INFO Exec:84 - 20160809.171849@@@_config\xml\ai_ngi_prod.xml@@@\main\rbei_ngi_int\rbei_ngi_bsample_int\ai_ngi_autosar_g3prj_int\ai_ngi_autosar_g3prj_16.0_int\ai_ngi_autosar_g3_prj_16.0_int\ai_ngi_g3_fea_int\cob1_ai_ngi_g3_fea_fea_xml_warning\1@@@checkin@@@!@@@!@@@version@@@mbl1cob@@@@@@
18:50:32,298 [stdout]  INFO Exec:84 - 20160809.171848@@@_config\xml\ai_ngi_pack.xml@@@\main\rbei_ngi_int\rbei_ngi_bsample_int\ai_ngi_autosar_g3prj_int\ai_ngi_g3_fea_int\cob1_ai_ngi_g3_fea_fea_xml_warning\1@@@checkin@@@!(COB1_AI_NGI_G3_FEA_FEA_XML_WARNING_02)@@@!@@@version@@@mbl1cob@@@@@@
18:50:32,308 [stdout]  INFO Exec:84 - 20160809.171841@@@components\Delivery\ComStack\Rte_Stub\jlrgoldisc\src\Rte_NonCAN_Rx_Stub.c@@@\main\ai_ngi_autosar_g3prj_int\cob1_ai_ngi_g3_fea_fea_xml_warning\0@@@mkbranch@@@!@@@!@@@version@@@mbl1cob@@@@@@
18:50:32,313 [stdout]  INFO Exec:84 - 20160809.171841@@@components\Delivery\ComStack\Rte_Stub\jlrgoldisc\src\Rte_NonCAN_Rx_Stub.c@@@\main\ai_ngi_autosar_g3prj_int\cob1_ai_ngi_g3_fea_fea_xml_warning@@@mkbranch@@@!@@@!@@@branch@@@mbl1cob@@@@@@
